2015-05-19 19:59:41 [127.0.0.1][1][-][error][yii\i18n\PhpMessageSource::loadMessages] The message file for category 'app' does not exist: D:\OpenServer\domains\solomashka\backend/messages/ru/app.php
    in D:\OpenServer\domains\solomashka\vendor\kartik-v\yii2-krajee-base\Html5Input.php:150
    in D:\OpenServer\domains\solomashka\vendor\kartik-v\yii2-krajee-base\Html5Input.php:99
    in D:\OpenServer\domains\solomashka\vendor\kartik-v\yii2-krajee-base\Html5Input.php:90
2015-05-19 19:59:41 [127.0.0.1][1][-][info][application] $_COOKIE = [
    '_csrf' => '9025c699d0e6118942d37863c729777b04ca076cfc4aa5c5244a000eb29a6770a:2:{i:0;s:5:\"_csrf\";i:1;s:32:\"j9ZE3mBAYu-1j-Dnt5h-99b1OEaEAsKe\";}'
    'PHPSESSID' => '371u4jjdqmi40vdhejah46he01'
    '_identity' => '6f487505b72dd0424ecaf4091ca05ddc44542afa3dbcc7cb171929c4665f375aa:2:{i:0;s:9:\"_identity\";i:1;s:48:\"[\"1\",\"33e78d60bc1f9dcc7291c891e6f069e4\",2592000]\";}'
]

$_SESSION = [
    '__flash' => []
    '__returnUrl' => '/'
    '__id' => '1'
]

$_SERVER = [
    'REDIRECT_STATUS' => '200'
    'HTTP_HOST' => 'admin.solomashka'
    'HTTP_CONNECTION' => 'keep-alive'
    'HTTP_ACCEPT' => 'text/html,application/xhtml+xml,application/xml;q=0.9,image/webp,*/*;q=0.8'
    'HTTP_USER_AGENT' => 'Mozilla/5.0 (Windows NT 6.1; WOW64) AppleWebKit/537.36 (KHTML, like Gecko) Chrome/42.0.2311.152 Safari/537.36'
    'HTTP_REFERER' => 'http://admin.solomashka/product/2'
    'HTTP_ACCEPT_ENCODING' => 'gzip, deflate, sdch'
    'HTTP_ACCEPT_LANGUAGE' => 'ru,en;q=0.8,uk;q=0.6'
    'HTTP_COOKIE' => '_csrf=9025c699d0e6118942d37863c729777b04ca076cfc4aa5c5244a000eb29a6770a%3A2%3A%7Bi%3A0%3Bs%3A5%3A%22_csrf%22%3Bi%3A1%3Bs%3A32%3A%22j9ZE3mBAYu-1j-Dnt5h-99b1OEaEAsKe%22%3B%7D; PHPSESSID=371u4jjdqmi40vdhejah46he01; _identity=6f487505b72dd0424ecaf4091ca05ddc44542afa3dbcc7cb171929c4665f375aa%3A2%3A%7Bi%3A0%3Bs%3A9%3A%22_identity%22%3Bi%3A1%3Bs%3A48%3A%22%5B%221%22%2C%2233e78d60bc1f9dcc7291c891e6f069e4%22%2C2592000%5D%22%3B%7D'
    'PATH' => 'd:\\openserver\\modules\\php\\PHP-5.5\\ext;d:\\openserver\\modules\\php\\PHP-5.5\\pear;d:\\openserver\\modules\\php\\PHP-5.5\\pear\\bin;d:\\openserver\\modules\\php\\PHP-5.5;d:\\openserver\\modules\\wget\\bin;d:\\openserver\\modules\\database\\MySQL-5.5\\bin;d:\\openserver\\modules\\http\\Apache-2.4\\bin;d:\\openserver\\modules\\http\\Apache-2.4;C:\\Windows\\system32;C:\\Windows;C:\\Windows\\system32\\Wbem;C:\\Windows\\SysWOW64;C:\\Program Files\\ImageMagick-6.9.1-Q16;C:\\ProgramData\\Oracle\\Java\\javapath;C:\\Program Files (x86)\\Intel\\iCLS Client\\;C:\\Program Files\\Intel\\iCLS Client\\;C:\\Windows\\system32;C:\\Windows;C:\\Windows\\System32\\Wbem;C:\\Windows\\System32\\WindowsPowerShell\\v1.0\\;C:\\Program Files\\Intel\\Intel(R) Management Engine Components\\DAL;C:\\Program Files\\Intel\\Intel(R) Management Engine Components\\IPT;C:\\Program Files (x86)\\Intel\\Intel(R) Management Engine Components\\DAL;C:\\Program Files (x86)\\Intel\\Intel(R) Management Engine Components\\IPT;C:\\Users\\Alex\\AppData\\Local\\GitHub\\PortableGit_c2ba306e536fdf878271f7fe636a147ff37326ad\\bin\\git.exe;C:\\Program Files (x86)\\Skype\\Phone\\;D:\\OpenServer\\modules\\php\\PHP-5.5;C:\\Program Files (x86)\\Git\\cmd;C:\\Program Files (x86)\\Git\\bin;C:\\Program Files (x86)\\NVIDIA Corporation\\PhysX\\Common'
    'SystemRoot' => 'C:\\Windows'
    'COMSPEC' => 'C:\\Windows\\system32\\cmd.exe'
    'PATHEXT' => '.COM;.EXE;.BAT;.CMD;.VBS;.VBE;.JS;.JSE;.WSF;.WSH;.MSC,.PHP'
    'WINDIR' => 'C:\\Windows'
    'SERVER_SIGNATURE' => ''
    'SERVER_SOFTWARE' => 'Apache/2.4.10 (Win32)'
    'SERVER_NAME' => 'admin.solomashka'
    'SERVER_ADDR' => '127.0.0.1'
    'SERVER_PORT' => '80'
    'REMOTE_ADDR' => '127.0.0.1'
    'DOCUMENT_ROOT' => 'D:/OpenServer/domains/solomashka/backend/web'
    'REQUEST_SCHEME' => 'http'
    'CONTEXT_PREFIX' => ''
    'CONTEXT_DOCUMENT_ROOT' => 'D:/OpenServer/domains/solomashka/backend/web'
    'SERVER_ADMIN' => '[no address given]'
    'SCRIPT_FILENAME' => 'D:/OpenServer/domains/solomashka/backend/web/index.php'
    'REMOTE_PORT' => '5502'
    'REDIRECT_URL' => '/status'
    'GATEWAY_INTERFACE' => 'CGI/1.1'
    'SERVER_PROTOCOL' => 'HTTP/1.1'
    'REQUEST_METHOD' => 'GET'
    'QUERY_STRING' => ''
    'REQUEST_URI' => '/status'
    'SCRIPT_NAME' => '/index.php'
    'PHP_SELF' => '/index.php'
    'REQUEST_TIME_FLOAT' => 1432054781.273
    'REQUEST_TIME' => 1432054781
    'argv' => []
    'argc' => 0
]
2015-05-19 19:59:42 [127.0.0.1][1][-][error][yii\i18n\PhpMessageSource::loadMessages] The message file for category 'app' does not exist: D:\OpenServer\domains\solomashka\backend/messages/ru/app.php
    in D:\OpenServer\domains\solomashka\vendor\kartik-v\yii2-krajee-base\Html5Input.php:150
    in D:\OpenServer\domains\solomashka\vendor\kartik-v\yii2-krajee-base\Html5Input.php:99
    in D:\OpenServer\domains\solomashka\vendor\kartik-v\yii2-krajee-base\Html5Input.php:90
2015-05-19 19:59:42 [127.0.0.1][1][-][info][application] $_COOKIE = [
    '_csrf' => '9025c699d0e6118942d37863c729777b04ca076cfc4aa5c5244a000eb29a6770a:2:{i:0;s:5:\"_csrf\";i:1;s:32:\"j9ZE3mBAYu-1j-Dnt5h-99b1OEaEAsKe\";}'
    'PHPSESSID' => '371u4jjdqmi40vdhejah46he01'
    '_identity' => '6f487505b72dd0424ecaf4091ca05ddc44542afa3dbcc7cb171929c4665f375aa:2:{i:0;s:9:\"_identity\";i:1;s:48:\"[\"1\",\"33e78d60bc1f9dcc7291c891e6f069e4\",2592000]\";}'
]

$_SESSION = [
    '__flash' => []
    '__returnUrl' => '/'
    '__id' => '1'
]

$_SERVER = [
    'REDIRECT_STATUS' => '200'
    'HTTP_HOST' => 'admin.solomashka'
    'HTTP_CONNECTION' => 'keep-alive'
    'HTTP_ACCEPT' => 'text/html,application/xhtml+xml,application/xml;q=0.9,image/webp,*/*;q=0.8'
    'HTTP_USER_AGENT' => 'Mozilla/5.0 (Windows NT 6.1; WOW64) AppleWebKit/537.36 (KHTML, like Gecko) Chrome/42.0.2311.152 Safari/537.36'
    'HTTP_REFERER' => 'http://admin.solomashka/status'
    'HTTP_ACCEPT_ENCODING' => 'gzip, deflate, sdch'
    'HTTP_ACCEPT_LANGUAGE' => 'ru,en;q=0.8,uk;q=0.6'
    'HTTP_COOKIE' => '_csrf=9025c699d0e6118942d37863c729777b04ca076cfc4aa5c5244a000eb29a6770a%3A2%3A%7Bi%3A0%3Bs%3A5%3A%22_csrf%22%3Bi%3A1%3Bs%3A32%3A%22j9ZE3mBAYu-1j-Dnt5h-99b1OEaEAsKe%22%3B%7D; PHPSESSID=371u4jjdqmi40vdhejah46he01; _identity=6f487505b72dd0424ecaf4091ca05ddc44542afa3dbcc7cb171929c4665f375aa%3A2%3A%7Bi%3A0%3Bs%3A9%3A%22_identity%22%3Bi%3A1%3Bs%3A48%3A%22%5B%221%22%2C%2233e78d60bc1f9dcc7291c891e6f069e4%22%2C2592000%5D%22%3B%7D'
    'PATH' => 'd:\\openserver\\modules\\php\\PHP-5.5\\ext;d:\\openserver\\modules\\php\\PHP-5.5\\pear;d:\\openserver\\modules\\php\\PHP-5.5\\pear\\bin;d:\\openserver\\modules\\php\\PHP-5.5;d:\\openserver\\modules\\wget\\bin;d:\\openserver\\modules\\database\\MySQL-5.5\\bin;d:\\openserver\\modules\\http\\Apache-2.4\\bin;d:\\openserver\\modules\\http\\Apache-2.4;C:\\Windows\\system32;C:\\Windows;C:\\Windows\\system32\\Wbem;C:\\Windows\\SysWOW64;C:\\Program Files\\ImageMagick-6.9.1-Q16;C:\\ProgramData\\Oracle\\Java\\javapath;C:\\Program Files (x86)\\Intel\\iCLS Client\\;C:\\Program Files\\Intel\\iCLS Client\\;C:\\Windows\\system32;C:\\Windows;C:\\Windows\\System32\\Wbem;C:\\Windows\\System32\\WindowsPowerShell\\v1.0\\;C:\\Program Files\\Intel\\Intel(R) Management Engine Components\\DAL;C:\\Program Files\\Intel\\Intel(R) Management Engine Components\\IPT;C:\\Program Files (x86)\\Intel\\Intel(R) Management Engine Components\\DAL;C:\\Program Files (x86)\\Intel\\Intel(R) Management Engine Components\\IPT;C:\\Users\\Alex\\AppData\\Local\\GitHub\\PortableGit_c2ba306e536fdf878271f7fe636a147ff37326ad\\bin\\git.exe;C:\\Program Files (x86)\\Skype\\Phone\\;D:\\OpenServer\\modules\\php\\PHP-5.5;C:\\Program Files (x86)\\Git\\cmd;C:\\Program Files (x86)\\Git\\bin;C:\\Program Files (x86)\\NVIDIA Corporation\\PhysX\\Common'
    'SystemRoot' => 'C:\\Windows'
    'COMSPEC' => 'C:\\Windows\\system32\\cmd.exe'
    'PATHEXT' => '.COM;.EXE;.BAT;.CMD;.VBS;.VBE;.JS;.JSE;.WSF;.WSH;.MSC,.PHP'
    'WINDIR' => 'C:\\Windows'
    'SERVER_SIGNATURE' => ''
    'SERVER_SOFTWARE' => 'Apache/2.4.10 (Win32)'
    'SERVER_NAME' => 'admin.solomashka'
    'SERVER_ADDR' => '127.0.0.1'
    'SERVER_PORT' => '80'
    'REMOTE_ADDR' => '127.0.0.1'
    'DOCUMENT_ROOT' => 'D:/OpenServer/domains/solomashka/backend/web'
    'REQUEST_SCHEME' => 'http'
    'CONTEXT_PREFIX' => ''
    'CONTEXT_DOCUMENT_ROOT' => 'D:/OpenServer/domains/solomashka/backend/web'
    'SERVER_ADMIN' => '[no address given]'
    'SCRIPT_FILENAME' => 'D:/OpenServer/domains/solomashka/backend/web/index.php'
    'REMOTE_PORT' => '5512'
    'REDIRECT_URL' => '/status/create'
    'GATEWAY_INTERFACE' => 'CGI/1.1'
    'SERVER_PROTOCOL' => 'HTTP/1.1'
    'REQUEST_METHOD' => 'GET'
    'QUERY_STRING' => ''
    'REQUEST_URI' => '/status/create'
    'SCRIPT_NAME' => '/index.php'
    'PHP_SELF' => '/index.php'
    'REQUEST_TIME_FLOAT' => 1432054782.824
    'REQUEST_TIME' => 1432054782
    'argv' => []
    'argc' => 0
]
